{'agent_timesteps_total': 12000,
 'config': {'_disable_action_flattening': False,
            '_disable_execution_plan_api': True,
            '_disable_preprocessor_api': False,
            '_fake_gpus': False,
            '_tf_policy_handles_more_than_one_loss': False,
            'action_space': None,
            'actions_in_input_normalized': False,
            'always_attach_evaluation_results': False,
            'batch_mode': 'truncate_episodes',
            'callbacks': <class 'ray.rllib.algorithms.callbacks.DefaultCallbacks'>,
            'clip_actions': False,
            'clip_param': 0.3,
            'clip_rewards': None,
            'compress_observations': False,
            'create_env_on_driver': False,
            'custom_eval_function': None,
            'custom_resources_per_worker': {},
            'disable_env_checking': False,
            'eager_max_retraces': 20,
            'eager_tracing': False,
            'enable_async_evaluation': False,
            'enable_connectors': False,
            'enable_tf1_exec_eagerly': False,
            'entropy_coeff': 0.0,
            'entropy_coeff_schedule': None,
            'env': <class 'Wrappers.GymWrapper.GymWrapper'>,
            'env_config': {},
            'env_task_fn': None,
            'evaluation_config': None,
            'evaluation_duration': 10,
            'evaluation_duration_unit': 'episodes',
            'evaluation_interval': None,
            'evaluation_num_workers': 0,
            'evaluation_parallel_to_training': False,
            'evaluation_sample_timeout_s': 180.0,
            'exploration_config': {'type': 'StochasticSampling'},
            'explore': True,
            'export_native_model_files': False,
            'extra_python_environs_for_driver': {},
            'extra_python_environs_for_worker': {},
            'fake_sampler': False,
            'framework': 'torch',
            'gamma': 0.99,
            'grad_clip': None,
            'horizon': 100,
            'ignore_worker_failures': False,
            'in_evaluation': False,
            'input': 'sampler',
            'input_config': {},
            'keep_per_episode_custom_metrics': False,
            'kl_coeff': 0.2,
            'kl_target': 0.01,
            'lambda': 1.0,
            'local_tf_session_args': {'inter_op_parallelism_threads': 8,
                                      'intra_op_parallelism_threads': 8},
            'log_level': 'WARN',
            'log_sys_usage': True,
            'logger_config': None,
            'logger_creator': None,
            'lr': 5e-05,
            'lr_schedule': None,
            'max_requests_in_flight_per_sampler_worker': 2,
            'metrics_episode_collection_timeout_s': 60.0,
            'metrics_num_episodes_for_smoothing': 100,
            'min_sample_timesteps_per_iteration': 0,
            'min_time_s_per_iteration': None,
            'min_train_timesteps_per_iteration': 0,
            'model': {'_disable_action_flattening': False,
                      '_disable_preprocessor_api': False,
                      '_time_major': False,
                      '_use_default_native_models': False,
                      'attention_dim': 64,
                      'attention_head_dim': 32,
                      'attention_init_gru_gate_bias': 2.0,
                      'attention_memory_inference': 50,
                      'attention_memory_training': 50,
                      'attention_num_heads': 1,
                      'attention_num_transformer_units': 1,
                      'attention_position_wise_mlp_dim': 32,
                      'attention_use_n_prev_actions': 0,
                      'attention_use_n_prev_rewards': 0,
                      'conv_activation': 'relu',
                      'conv_filters': None,
                      'custom_action_dist': None,
                      'custom_model': None,
                      'custom_model_config': {},
                      'custom_preprocessor': None,
                      'dim': 84,
                      'fcnet_activation': 'tanh',
                      'fcnet_hiddens': [256, 256],
                      'framestack': True,
                      'free_log_std': False,
                      'grayscale': False,
                      'lstm_cell_size': 256,
                      'lstm_use_prev_action': False,
                      'lstm_use_prev_action_reward': -1,
                      'lstm_use_prev_reward': False,
                      'max_seq_len': 20,
                      'no_final_linear': False,
                      'post_fcnet_activation': 'relu',
                      'post_fcnet_hiddens': [],
                      'use_attention': False,
                      'use_lstm': False,
                      'vf_share_layers': False,
                      'zero_mean': True},
            'multiagent': {'count_steps_by': 'env_steps',
                           'observation_fn': None,
                           'policies': {'default_policy': <ray.rllib.policy.policy.PolicySpec object at 0x7f78cf6e7f70>},
                           'policies_to_train': None,
                           'policy_map_cache': None,
                           'policy_map_capacity': 100,
                           'policy_mapping_fn': <function AlgorithmConfig.__init__.<locals>.<lambda> at 0x7f7aaa766b90>},
            'no_done_at_end': False,
            'normalize_actions': True,
            'num_consecutive_worker_failures_tolerance': 100,
            'num_cpus_for_driver': 1,
            'num_cpus_per_worker': 1,
            'num_envs_per_worker': 1,
            'num_gpus': 1,
            'num_gpus_per_worker': 0,
            'num_sgd_iter': 30,
            'num_workers': 2,
            'observation_filter': 'NoFilter',
            'observation_space': None,
            'off_policy_estimation_methods': {},
            'offline_sampling': False,
            'ope_split_batch_by_episode': True,
            'optimizer': {},
            'output': None,
            'output_compress_columns': ['obs', 'new_obs'],
            'output_config': {},
            'output_max_file_size': 67108864,
            'placement_strategy': 'PACK',
            'postprocess_inputs': False,
            'preprocessor_pref': 'deepmind',
            'recreate_failed_workers': False,
            'remote_env_batch_wait_ms': 0,
            'remote_worker_envs': False,
            'render_env': False,
            'replay_sequence_length': None,
            'restart_failed_sub_environments': False,
            'rollout_fragment_length': 'auto',
            'sample_async': False,
            'sample_collector': <class 'ray.rllib.evaluation.collectors.simple_list_collector.SimpleListCollector'>,
            'sampler_perf_stats_ema_coef': None,
            'seed': None,
            'sgd_minibatch_size': 128,
            'shuffle_buffer_size': 0,
            'shuffle_sequences': True,
            'simple_optimizer': False,
            'soft_horizon': False,
            'sync_filters_on_rollout_workers_timeout_s': 60.0,
            'synchronize_filters': True,
            'tf_session_args': {'allow_soft_placement': True,
                                'device_count': {'CPU': 1},
                                'gpu_options': {'allow_growth': True},
                                'inter_op_parallelism_threads': 2,
                                'intra_op_parallelism_threads': 2,
                                'log_device_placement': False},
            'train_batch_size': 4000,
            'use_critic': True,
            'use_gae': True,
            'validate_workers_after_construction': True,
            'vf_clip_param': 10.0,
            'vf_loss_coeff': 1.0,
            'vf_share_layers': -1,
            'worker_cls': None},
 'counters': {'num_agent_steps_sampled': 12000,
              'num_agent_steps_trained': 12000,
              'num_env_steps_sampled': 12000,
              'num_env_steps_trained': 12000},
 'custom_metrics': {},
 'date': '2024-03-05_14-22-02',
 'done': False,
 'episode_len_mean': 99.64,
 'episode_media': {},
 'episode_reward_max': -4.399999999999996,
 'episode_reward_mean': -19.704999999999988,
 'episode_reward_min': -1005.7,
 'episodes_this_iter': 40,
 'episodes_total': 120,
 'experiment_id': 'b807316a90824428b78aea9a93862e91',
 'hist_stats': {'episode_lengths': [100,
                                    100,
                                    100,
                                    100,
                                    100,
                                    100,
                                    100,
                                    100,
                                    100,
                                    100,
                                    100,
                                    100,
                                    100,
                                    100,
                                    100,
                                    100,
                                    100,
                                    100,
                                    100,
                                    100,
                                    100,
                                    100,
                                    100,
                                    100,
                                    100,
                                    100,
                                    100,
                                    100,
                                    100,
                                    100,
                                    100,
                                    100,
                                    100,
                                    100,
                                    100,
                                    100,
                                    100,
                                    100,
                                    100,
                                    100,
                                    100,
                                    100,
                                    100,
                                    100,
                                    100,
                                    100,
                                    100,
                                    100,
                                    100,
                                    100,
                                    100,
                                    100,
                                    100,
                                    100,
                                    100,
                                    100,
                                    100,
                                    100,
                                    100,
                                    100,
                                    100,
                                    100,
                                    100,
                                    100,
                                    100,
                                    100,
                                    100,
                                    100,
                                    100,
                                    100,
                                    100,
                                    100,
                                    100,
                                    100,
                                    100,
                                    100,
                                    100,
                                    100,
                                    100,
                                    100,
                                    100,
                                    100,
                                    100,
                                    100,
                                    100,
                                    100,
                                    64,
                                    100,
                                    100,
                                    100,
                                    100,
                                    100,
                                    100,
                                    100,
                                    100,
                                    100,
                                    100,
                                    100,
                                    100,
                                    100],
                'episode_reward': [-9.89999999999998,
                                   -9.99999999999998,
                                   -9.89999999999998,
                                   -9.799999999999981,
                                   -9.89999999999998,
                                   -9.699999999999982,
                                   -9.699999999999982,
                                   -9.599999999999982,
                                   -9.799999999999981,
                                   -9.89999999999998,
                                   -9.89999999999998,
                                   -9.89999999999998,
                                   -9.699999999999982,
                                   -9.89999999999998,
                                   -9.99999999999998,
                                   -9.89999999999998,
                                   -9.89999999999998,
                                   -9.599999999999982,
                                   -9.99999999999998,
                                   -9.99999999999998,
                                   -9.599999999999982,
                                   -9.99999999999998,
                                   -9.699999999999982,
                                   -9.99999999999998,
                                   -9.99999999999998,
                                   -4.399999999999996,
                                   -9.89999999999998,
                                   -9.799999999999981,
                                   -9.599999999999982,
                                   -9.799999999999981,
                                   -9.99999999999998,
                                   -9.89999999999998,
                                   -9.699999999999982,
                                   -9.799999999999981,
                                   -9.599999999999982,
                                   -9.699999999999982,
                                   -9.699999999999982,
                                   -9.799999999999981,
                                   -9.99999999999998,
                                   -9.799999999999981,
                                   -9.99999999999998,
                                   -9.89999999999998,
                                   -9.89999999999998,
                                   -9.799999999999981,
                                   -9.99999999999998,
                                   -9.99999999999998,
                                   -9.699999999999982,
                                   -9.699999999999982,
                                   -9.799999999999981,
                                   -9.499999999999982,
                                   -9.799999999999981,
                                   -9.89999999999998,
                                   -9.99999999999998,
                                   -9.799999999999981,
                                   -9.89999999999998,
                                   -9.699999999999982,
                                   -9.99999999999998,
                                   -9.89999999999998,
                                   -9.799999999999981,
                                   -9.699999999999982,
                                   -9.699999999999982,
                                   -9.99999999999998,
                                   -9.89999999999998,
                                   -9.99999999999998,
                                   -9.699999999999982,
                                   -9.99999999999998,
                                   -9.599999999999982,
                                   -9.399999999999983,
                                   -9.699999999999982,
                                   -9.99999999999998,
                                   -9.89999999999998,
                                   -9.599999999999982,
                                   -9.89999999999998,
                                   -9.799999999999981,
                                   -9.599999999999982,
                                   -7.999999999999988,
                                   -9.89999999999998,
                                   -9.799999999999981,
                                   -9.699999999999982,
                                   -9.499999999999982,
                                   -9.699999999999982,
                                   -9.799999999999981,
                                   -9.89999999999998,
                                   -9.99999999999998,
                                   -9.89999999999998,
                                   -9.99999999999998,
                                   -1005.7,
                                   -9.99999999999998,
                                   -9.799999999999981,
                                   -9.799999999999981,
                                   -9.699999999999982,
                                   -9.799999999999981,
                                   -9.299999999999983,
                                   -9.799999999999981,
                                   -9.89999999999998,
                                   -9.799999999999981,
                                   -9.699999999999982,
                                   -9.89999999999998,
                                   -9.799999999999981,
                                   -9.89999999999998]},
 'hostname': '5700G-lab',
 'info': {'learner': {'default_policy': {'custom_metrics': {},
                                         'diff_num_grad_updates_vs_sampler_policy': 464.5,
                                         'learner_stats': {'cur_kl_coeff': 0.4500000000000001,
                                                           'cur_lr': 5.0000000000000016e-05,
                                                           'entropy': 6.7062194901127965,
                                                           'entropy_coeff': 0.0,
                                                           'kl': 0.005527139558276866,
                                                           'policy_loss': -0.03936659147342046,
                                                           'total_loss': 3.05542779660994,
                                                           'vf_explained_var': 0.017068067481440883,
                                                           'vf_loss': 3.092307169463045},
                                         'model': {},
                                         'num_grad_updates_lifetime': 2325.5}},
          'num_agent_steps_sampled': 12000,
          'num_agent_steps_trained': 12000,
          'num_env_steps_sampled': 12000,
          'num_env_steps_trained': 12000},
 'iterations_since_restore': 3,
 'node_ip': '128.114.59.212',
 'num_agent_steps_sampled': 12000,
 'num_agent_steps_trained': 12000,
 'num_env_steps_sampled': 12000,
 'num_env_steps_sampled_this_iter': 4000,
 'num_env_steps_trained': 12000,
 'num_env_steps_trained_this_iter': 4000,
 'num_faulty_episodes': 0,
 'num_healthy_workers': 2,
 'num_in_flight_async_reqs': 0,
 'num_remote_worker_restarts': 0,
 'num_steps_trained_this_iter': 4000,
 'perf': {'cpu_util_percent': 12.321739130434779,
          'gpu_util_percent0': 0.21086956521739134,
          'ram_util_percent': 62.30434782608695,
          'vram_util_percent0': 0.0760904947916667},
 'pid': 66705,
 'policy_reward_max': {},
 'policy_reward_mean': {},
 'policy_reward_min': {},
 'sampler_perf': {'mean_action_processing_ms': 0.043213637872980964,
                  'mean_env_render_ms': 0.0,
                  'mean_env_wait_ms': 4.091616484809825,
                  'mean_inference_ms': 0.8524782006403825,
                  'mean_raw_obs_processing_ms': 0.6851275232885289},
 'sampler_results': {'custom_metrics': {},
                     'episode_len_mean': 99.64,
                     'episode_media': {},
                     'episode_reward_max': -4.399999999999996,
                     'episode_reward_mean': -19.704999999999988,
                     'episode_reward_min': -1005.7,
                     'episodes_this_iter': 40,
                     'hist_stats': {'episode_lengths': [100,
                                                        100,
                                                        100,
                                                        100,
                                                        100,
                                                        100,
                                                        100,
                                                        100,
                                                        100,
                                                        100,
                                                        100,
                                                        100,
                                                        100,
                                                        100,
                                                        100,
                                                        100,
                                                        100,
                                                        100,
                                                        100,
                                                        100,
                                                        100,
                                                        100,
                                                        100,
                                                        100,
                                                        100,
                                                        100,
                                                        100,
                                                        100,
                                                        100,
                                                        100,
                                                        100,
                                                        100,
                                                        100,
                                                        100,
                                                        100,
                                                        100,
                                                        100,
                                                        100,
                                                        100,
                                                        100,
                                                        100,
                                                        100,
                                                        100,
                                                        100,
                                                        100,
                                                        100,
                                                        100,
                                                        100,
                                                        100,
                                                        100,
                                                        100,
                                                        100,
                                                        100,
                                                        100,
                                                        100,
                                                        100,
                                                        100,
                                                        100,
                                                        100,
                                                        100,
                                                        100,
                                                        100,
                                                        100,
                                                        100,
                                                        100,
                                                        100,
                                                        100,
                                                        100,
                                                        100,
                                                        100,
                                                        100,
                                                        100,
                                                        100,
                                                        100,
                                                        100,
                                                        100,
                                                        100,
                                                        100,
                                                        100,
                                                        100,
                                                        100,
                                                        100,
                                                        100,
                                                        100,
                                                        100,
                                                        100,
                                                        64,
                                                        100,
                                                        100,
                                                        100,
                                                        100,
                                                        100,
                                                        100,
                                                        100,
                                                        100,
                                                        100,
                                                        100,
                                                        100,
                                                        100,
                                                        100],
                                    'episode_reward': [-9.89999999999998,
                                                       -9.99999999999998,
                                                       -9.89999999999998,
                                                       -9.799999999999981,
                                                       -9.89999999999998,
                                                       -9.699999999999982,
                                                       -9.699999999999982,
                                                       -9.599999999999982,
                                                       -9.799999999999981,
                                                       -9.89999999999998,
                                                       -9.89999999999998,
                                                       -9.89999999999998,
                                                       -9.699999999999982,
                                                       -9.89999999999998,
                                                       -9.99999999999998,
                                                       -9.89999999999998,
                                                       -9.89999999999998,
                                                       -9.599999999999982,
                                                       -9.99999999999998,
                                                       -9.99999999999998,
                                                       -9.599999999999982,
                                                       -9.99999999999998,
                                                       -9.699999999999982,
                                                       -9.99999999999998,
                                                       -9.99999999999998,
                                                       -4.399999999999996,
                                                       -9.89999999999998,
                                                       -9.799999999999981,
                                                       -9.599999999999982,
                                                       -9.799999999999981,
                                                       -9.99999999999998,
                                                       -9.89999999999998,
                                                       -9.699999999999982,
                                                       -9.799999999999981,
                                                       -9.599999999999982,
                                                       -9.699999999999982,
                                                       -9.699999999999982,
                                                       -9.799999999999981,
                                                       -9.99999999999998,
                                                       -9.799999999999981,
                                                       -9.99999999999998,
                                                       -9.89999999999998,
                                                       -9.89999999999998,
                                                       -9.799999999999981,
                                                       -9.99999999999998,
                                                       -9.99999999999998,
                                                       -9.699999999999982,
                                                       -9.699999999999982,
                                                       -9.799999999999981,
                                                       -9.499999999999982,
                                                       -9.799999999999981,
                                                       -9.89999999999998,
                                                       -9.99999999999998,
                                                       -9.799999999999981,
                                                       -9.89999999999998,
                                                       -9.699999999999982,
                                                       -9.99999999999998,
                                                       -9.89999999999998,
                                                       -9.799999999999981,
                                                       -9.699999999999982,
                                                       -9.699999999999982,
                                                       -9.99999999999998,
                                                       -9.89999999999998,
                                                       -9.99999999999998,
                                                       -9.699999999999982,
                                                       -9.99999999999998,
                                                       -9.599999999999982,
                                                       -9.399999999999983,
                                                       -9.699999999999982,
                                                       -9.99999999999998,
                                                       -9.89999999999998,
                                                       -9.599999999999982,
                                                       -9.89999999999998,
                                                       -9.799999999999981,
                                                       -9.599999999999982,
                                                       -7.999999999999988,
                                                       -9.89999999999998,
                                                       -9.799999999999981,
                                                       -9.699999999999982,
                                                       -9.499999999999982,
                                                       -9.699999999999982,
                                                       -9.799999999999981,
                                                       -9.89999999999998,
                                                       -9.99999999999998,
                                                       -9.89999999999998,
                                                       -9.99999999999998,
                                                       -1005.7,
                                                       -9.99999999999998,
                                                       -9.799999999999981,
                                                       -9.799999999999981,
                                                       -9.699999999999982,
                                                       -9.799999999999981,
                                                       -9.299999999999983,
                                                       -9.799999999999981,
                                                       -9.89999999999998,
                                                       -9.799999999999981,
                                                       -9.699999999999982,
                                                       -9.89999999999998,
                                                       -9.799999999999981,
                                                       -9.89999999999998]},
                     'num_faulty_episodes': 0,
                     'policy_reward_max': {},
                     'policy_reward_mean': {},
                     'policy_reward_min': {},
                     'sampler_perf': {'mean_action_processing_ms': 0.043213637872980964,
                                      'mean_env_render_ms': 0.0,
                                      'mean_env_wait_ms': 4.091616484809825,
                                      'mean_inference_ms': 0.8524782006403825,
                                      'mean_raw_obs_processing_ms': 0.6851275232885289}},
 'time_since_restore': 49.47362232208252,
 'time_this_iter_s': 16.850649118423462,
 'time_total_s': 49.47362232208252,
 'timers': {'learn_throughput': 853.574,
            'learn_time_ms': 4686.176,
            'load_throughput': 385143.041,
            'load_time_ms': 10.386,
            'synch_weights_time_ms': 3.264,
            'training_iteration_time_ms': 16488.056},
 'timestamp': 1709677322,
 'timesteps_since_restore': 0,
 'timesteps_total': 12000,
 'training_iteration': 3,
 'trial_id': 'default',
 'warmup_time': 4.135821104049683}